<?xml version='1.0'?>
<ns2:test-suite xmlns:ns2='urn:model.allure.qatools.yandex.ru' start='1622278069702' stop='1622278069718'>
    <name>Validate Livestream as unlogged user:</name>
    <title>Validate Livestream as unlogged user:</title>
    <test-cases>
        <test-case start='1622278069702' status='failed' stop='1622278069705'>
            <name>check profile is live </name>
            <title>check profile is live </title>
            <labels/>
            <parameters/>
            <steps>
                <step start='1622278069704' status='failed' stop='1622278069705'>
                    <name>I am on page "/"</name>
                    <title>I am on page "/"</title>
                    <attachments/>
                    <steps/>
                </step>
            </steps>
            <attachments/>
            <failure>
                <message>Cannot read property 'goto' of undefined</message>
                <stack-trace>TypeError: Cannot read property 'goto' of undefined
                    at Playwright.amOnPage (/Users/tetianaafanasieva/Desktop/Oranum/node_modules/codeceptjs/lib/helper/Playwright.js:701:21)
                    at Step.run (/Users/tetianaafanasieva/Desktop/Oranum/node_modules/codeceptjs/lib/step.js:66:47)
                    at /Users/tetianaafanasieva/Desktop/Oranum/node_modules/codeceptjs/lib/actor.js:117:23</stack-trace>
            </failure>
        </test-case>
        <test-case start='1622278069708' status='failed' stop='1622278069709'>
            <name>check get credits trigger a Sign up </name>
            <title>check get credits trigger a Sign up </title>
            <labels/>
            <parameters/>
            <steps>
                <step start='1622278069709' status='failed' stop='1622278069709'>
                    <name>I am on page "/en/search/Live"</name>
                    <title>I am on page "/en/search/Live"</title>
                    <attachments/>
                    <steps/>
                </step>
            </steps>
            <attachments/>
            <failure>
                <message>Cannot read property 'goto' of undefined</message>
                <stack-trace>TypeError: Cannot read property 'goto' of undefined
                    at Playwright.amOnPage (/Users/tetianaafanasieva/Desktop/Oranum/node_modules/codeceptjs/lib/helper/Playwright.js:701:21)
                    at Step.run (/Users/tetianaafanasieva/Desktop/Oranum/node_modules/codeceptjs/lib/step.js:66:47)
                    at /Users/tetianaafanasieva/Desktop/Oranum/node_modules/codeceptjs/lib/actor.js:117:23</stack-trace>
            </failure>
        </test-case>
        <test-case start='1622278069711' status='failed' stop='1622278069713'>
            <name>check add to favorite trigger a Sign up </name>
            <title>check add to favorite trigger a Sign up </title>
            <labels/>
            <parameters/>
            <steps>
                <step start='1622278069712' status='failed' stop='1622278069713'>
                    <name>I am on page "/en/search/Live"</name>
                    <title>I am on page "/en/search/Live"</title>
                    <attachments/>
                    <steps/>
                </step>
            </steps>
            <attachments/>
            <failure>
                <message>Cannot read property 'goto' of undefined</message>
                <stack-trace>TypeError: Cannot read property 'goto' of undefined
                    at Playwright.amOnPage (/Users/tetianaafanasieva/Desktop/Oranum/node_modules/codeceptjs/lib/helper/Playwright.js:701:21)
                    at Step.run (/Users/tetianaafanasieva/Desktop/Oranum/node_modules/codeceptjs/lib/step.js:66:47)
                    at /Users/tetianaafanasieva/Desktop/Oranum/node_modules/codeceptjs/lib/actor.js:117:23</stack-trace>
            </failure>
        </test-case>
        <test-case start='1622278069715' status='failed' stop='1622278069716'>
            <name>check quick buy trigger a Sign up </name>
            <title>check quick buy trigger a Sign up </title>
            <labels/>
            <parameters/>
            <steps>
                <step start='1622278069715' status='failed' stop='1622278069716'>
                    <name>I am on page "/en/search/Live"</name>
                    <title>I am on page "/en/search/Live"</title>
                    <attachments/>
                    <steps/>
                </step>
            </steps>
            <attachments/>
            <failure>
                <message>Cannot read property 'goto' of undefined</message>
                <stack-trace>TypeError: Cannot read property 'goto' of undefined
                    at Playwright.amOnPage (/Users/tetianaafanasieva/Desktop/Oranum/node_modules/codeceptjs/lib/helper/Playwright.js:701:21)
                    at Step.run (/Users/tetianaafanasieva/Desktop/Oranum/node_modules/codeceptjs/lib/step.js:66:47)
                    at /Users/tetianaafanasieva/Desktop/Oranum/node_modules/codeceptjs/lib/actor.js:117:23</stack-trace>
            </failure>
        </test-case>
    </test-cases>
</ns2:test-suite>