<?xml version='1.0'?>
<ns2:test-suite xmlns:ns2='urn:model.allure.qatools.yandex.ru' start='1622280995966' stop='1622281008789'>
    <name>Searching for full text:</name>
    <title>Searching for full text:</title>
    <test-cases>
        <test-case start='1622280996889' status='failed' stop='1622281008213'>
            <name>test full search</name>
            <title>test full search</title>
            <labels/>
            <parameters/>
            <steps>
                <step start='1622280996904' status='passed' stop='1622281002806'>
                    <name>I am on page "/"</name>
                    <title>I am on page "/"</title>
                    <attachments/>
                    <steps/>
                </step>
                <step start='1622281002806' status='passed' stop='1622281003067'>
                    <name>I click "$button-header-search"</name>
                    <title>I click "$button-header-search"</title>
                    <attachments/>
                    <steps/>
                </step>
                <step start='1622281003067' status='passed' stop='1622281003280'>
                    <name>I fill field "find psychics...", "Matt"</name>
                    <title>I fill field "find psychics...", "Matt"</title>
                    <attachments/>
                    <steps/>
                </step>
                <step start='1622281003280' status='passed' stop='1622281003506'>
                    <name>I wait for element "$search-result-list", 20</name>
                    <title>I wait for element "$search-result-list", 20</title>
                    <attachments/>
                    <steps/>
                </step>
                <step start='1622281003506' status='failed' stop='1622281008211'>
                    <name>I grab text from all {"xpath":"//[data-testid=\"search-result-list\"]/div"}</name>
                    <title>I grab text from all {"xpath":"//[data-testid=\"search-result-list\"]/div"}</title>
                    <attachments/>
                    <steps/>
                </step>
            </steps>
            <attachments>
                <attachment title='Last Seen Screenshot' source='16ba75a0-e895-4a70-8dd0-0ff2cbfe0c43-attachment.png' type='image/png' size='1069618'/>
            </attachments>
            <failure>
                <message>page.$$: Evaluation failed: DOMException: Failed to execute 'evaluate' on 'Document': The string './/[data-testid="search-result-list"]/div' is not a valid XPath expression.
                    at Object.queryAll (&lt;anonymous>:2891:29)
                    at InjectedScript._queryEngineAll (&lt;anonymous>:1596:47)
                    at InjectedScript.querySelectorAll (&lt;anonymous>:1569:45)
                    at eval (eval at evaluate (:303:29), &lt;anonymous>:2:29)
                    at UtilityScript.evaluate (&lt;anonymous>:305:22)
                    at UtilityScript.&lt;anonymous> (&lt;anonymous>:1:44)</message>
                <stack-trace>page.$$: Evaluation failed: DOMException: Failed to execute 'evaluate' on 'Document': The string './/[data-testid="search-result-list"]/div' is not a valid XPath expression.
                    at Object.queryAll (&lt;anonymous>:2891:29)
                    at InjectedScript._queryEngineAll (&lt;anonymous>:1596:47)
                    at InjectedScript.querySelectorAll (&lt;anonymous>:1569:45)
                    at eval (eval at evaluate (:303:29), &lt;anonymous>:2:29)
                    at UtilityScript.evaluate (&lt;anonymous>:305:22)
                    at UtilityScript.&lt;anonymous> (&lt;anonymous>:1:44)
                Error
                    at Object.captureStackTrace (/Users/tetianaafanasieva/Desktop/Oranum/node_modules/playwright/lib/utils/stackTrace.js:50:19)
                    at Connection.sendMessageToServer (/Users/tetianaafanasieva/Desktop/Oranum/node_modules/playwright/lib/client/connection.js:65:48)
                    at Proxy.&lt;anonymous> (/Users/tetianaafanasieva/Desktop/Oranum/node_modules/playwright/lib/client/channelOwner.js:64:61)
                    at /Users/tetianaafanasieva/Desktop/Oranum/node_modules/playwright/lib/client/frame.js:232:42
                    at Frame._wrapApiCall (/Users/tetianaafanasieva/Desktop/Oranum/node_modules/playwright/lib/client/channelOwner.js:77:34)
                    at Frame.$$ (/Users/tetianaafanasieva/Desktop/Oranum/node_modules/playwright/lib/client/frame.js:231:21)
                    at /Users/tetianaafanasieva/Desktop/Oranum/node_modules/playwright/lib/client/page.js:266:60
                    at Page._attributeToPage (/Users/tetianaafanasieva/Desktop/Oranum/node_modules/playwright/lib/client/page.js:238:20)
                    at Page.$$ (/Users/tetianaafanasieva/Desktop/Oranum/node_modules/playwright/lib/client/page.js:266:21)
                    at findElements (/Users/tetianaafanasieva/Desktop/Oranum/node_modules/codeceptjs/lib/helper/Playwright.js:2253:18)
                    at Playwright._locate (/Users/tetianaafanasieva/Desktop/Oranum/node_modules/codeceptjs/lib/helper/Playwright.js:889:12)
                    at async Playwright.grabTextFromAll (/Users/tetianaafanasieva/Desktop/Oranum/node_modules/codeceptjs/lib/helper/Playwright.js:1602:17)</stack-trace>
            </failure>
        </test-case>
    </test-cases>
</ns2:test-suite>