<?xml version='1.0'?>
<ns2:test-suite xmlns:ns2='urn:model.allure.qatools.yandex.ru' start='1622280875833' stop='1622280886964'>
    <name>Validate Livestream as unlogged user:</name>
    <title>Validate Livestream as unlogged user:</title>
    <test-cases>
        <test-case start='1622280875834' status='passed' stop='1622280879443'>
            <name>check profile is live </name>
            <title>check profile is live </title>
            <labels/>
            <parameters/>
            <steps>
                <step start='1622280875836' status='passed' stop='1622280877758'>
                    <name>I am on page "/"</name>
                    <title>I am on page "/"</title>
                    <attachments/>
                    <steps/>
                </step>
                <step start='1622280877758' status='passed' stop='1622280878049'>
                    <name>I click {"css":"[data-testid=\"button-header-search\"]"}</name>
                    <title>I click {"css":"[data-testid=\"button-header-search\"]"}</title>
                    <attachments/>
                    <steps/>
                </step>
                <step start='1622280878049' status='passed' stop='1622280878296'>
                    <name>I click "Live"</name>
                    <title>I click "Live"</title>
                    <attachments/>
                    <steps/>
                </step>
                <step start='1622280878297' status='passed' stop='1622280879063'>
                    <name>I click {"css":"[data-testid=\"influencer-name\"]"}</name>
                    <title>I click {"css":"[data-testid=\"influencer-name\"]"}</title>
                    <attachments/>
                    <steps/>
                </step>
                <step start='1622280879063' status='passed' stop='1622280879443'>
                    <name>I see element {"css":"[data-testid=\"live-status-box\"]"}</name>
                    <title>I see element {"css":"[data-testid=\"live-status-box\"]"}</title>
                    <attachments/>
                    <steps/>
                </step>
            </steps>
            <attachments/>
        </test-case>
        <test-case start='1622280879542' status='passed' stop='1622280885281'>
            <name>check get credits trigger a Sign up </name>
            <title>check get credits trigger a Sign up </title>
            <labels/>
            <parameters/>
            <steps>
                <step start='1622280879546' status='passed' stop='1622280881147'>
                    <name>I am on page "/en/search/Live"</name>
                    <title>I am on page "/en/search/Live"</title>
                    <attachments/>
                    <steps/>
                </step>
                <step start='1622280881147' status='passed' stop='1622280881563'>
                    <name>I click {"css":"[data-testid=\"influencer-name\"]"}</name>
                    <title>I click {"css":"[data-testid=\"influencer-name\"]"}</title>
                    <attachments/>
                    <steps/>
                </step>
                <step start='1622280881563' status='passed' stop='1622280885237'>
                    <name>I click "10"</name>
                    <title>I click "10"</title>
                    <attachments/>
                    <steps/>
                </step>
                <step start='1622280885237' status='passed' stop='1622280885281'>
                    <name>I see "Register an account to continue"</name>
                    <title>I see "Register an account to continue"</title>
                    <attachments/>
                    <steps/>
                </step>
            </steps>
            <attachments/>
        </test-case>
        <test-case start='1622280885294' status='failed' stop='1622280886894'>
            <name>check add to favorite trigger a Sign up </name>
            <title>check add to favorite trigger a Sign up </title>
            <labels/>
            <parameters/>
            <steps>
                <step start='1622280885296' status='failed' stop='1622280886893'>
                    <name>I am on page "/en/search/Live"</name>
                    <title>I am on page "/en/search/Live"</title>
                    <attachments/>
                    <steps/>
                </step>
            </steps>
            <attachments/>
            <failure>
                <message>page.goto: Navigation failed because page was closed!
                =========================== logs ===========================
                navigating to "https://oranum.com/en/search/Live", waiting until "load"
                ============================================================
                Note: use DEBUG=pw:api environment variable to capture Playwright logs.</message>
                <stack-trace>page.goto: Navigation failed because page was closed!
                =========================== logs ===========================
                navigating to "https://oranum.com/en/search/Live", waiting until "load"
                ============================================================
                Note: use DEBUG=pw:api environment variable to capture Playwright logs.
                Error
                    at Object.captureStackTrace (/Users/tetianaafanasieva/Desktop/Oranum/node_modules/playwright/lib/utils/stackTrace.js:50:19)
                    at Connection.sendMessageToServer (/Users/tetianaafanasieva/Desktop/Oranum/node_modules/playwright/lib/client/connection.js:65:48)
                    at Proxy.&lt;anonymous> (/Users/tetianaafanasieva/Desktop/Oranum/node_modules/playwright/lib/client/channelOwner.js:64:61)
                    at /Users/tetianaafanasieva/Desktop/Oranum/node_modules/playwright/lib/client/frame.js:102:65
                    at Frame._wrapApiCall (/Users/tetianaafanasieva/Desktop/Oranum/node_modules/playwright/lib/client/channelOwner.js:77:34)
                    at Frame.goto (/Users/tetianaafanasieva/Desktop/Oranum/node_modules/playwright/lib/client/frame.js:100:21)
                    at /Users/tetianaafanasieva/Desktop/Oranum/node_modules/playwright/lib/client/page.js:303:60
                    at Page._attributeToPage (/Users/tetianaafanasieva/Desktop/Oranum/node_modules/playwright/lib/client/page.js:238:20)
                    at Page.goto (/Users/tetianaafanasieva/Desktop/Oranum/node_modules/playwright/lib/client/page.js:303:21)
                    at Playwright.amOnPage (/Users/tetianaafanasieva/Desktop/Oranum/node_modules/codeceptjs/lib/helper/Playwright.js:701:21)
                    at Step.run (/Users/tetianaafanasieva/Desktop/Oranum/node_modules/codeceptjs/lib/step.js:66:47)
                    at /Users/tetianaafanasieva/Desktop/Oranum/node_modules/codeceptjs/lib/actor.js:117:23</stack-trace>
            </failure>
        </test-case>
        <test-case start='1622280886950' status='failed' stop='1622280886954'>
            <name>check quick buy trigger a Sign up </name>
            <title>check quick buy trigger a Sign up </title>
            <labels/>
            <parameters/>
            <steps>
                <step start='1622280886953' status='failed' stop='1622280886953'>
                    <name>I am on page "/en/search/Live"</name>
                    <title>I am on page "/en/search/Live"</title>
                    <attachments/>
                    <steps/>
                </step>
            </steps>
            <attachments/>
            <failure>
                <message>Cannot read property 'goto' of undefined</message>
                <stack-trace>TypeError: Cannot read property 'goto' of undefined
                    at Playwright.amOnPage (/Users/tetianaafanasieva/Desktop/Oranum/node_modules/codeceptjs/lib/helper/Playwright.js:701:21)
                    at Step.run (/Users/tetianaafanasieva/Desktop/Oranum/node_modules/codeceptjs/lib/step.js:66:47)
                    at /Users/tetianaafanasieva/Desktop/Oranum/node_modules/codeceptjs/lib/actor.js:117:23</stack-trace>
            </failure>
        </test-case>
    </test-cases>
</ns2:test-suite>