<?xml version='1.0'?>
<ns2:test-suite xmlns:ns2='urn:model.allure.qatools.yandex.ru' start='1622275571234' stop='1622275584177'>
    <name>Validate Livestream as unlogged user:</name>
    <title>Validate Livestream as unlogged user:</title>
    <test-cases>
        <test-case start='1622275571234' status='passed' stop='1622275574857'>
            <name>check profile is live </name>
            <title>check profile is live </title>
            <labels/>
            <parameters/>
            <steps>
                <step start='1622275571236' status='passed' stop='1622275573182'>
                    <name>I am on page "/"</name>
                    <title>I am on page "/"</title>
                    <attachments/>
                    <steps/>
                </step>
                <step start='1622275573183' status='passed' stop='1622275573475'>
                    <name>I click {"css":"[data-testid=\"button-header-search\"]"}</name>
                    <title>I click {"css":"[data-testid=\"button-header-search\"]"}</title>
                    <attachments/>
                    <steps/>
                </step>
                <step start='1622275573476' status='passed' stop='1622275573699'>
                    <name>I click "Live"</name>
                    <title>I click "Live"</title>
                    <attachments/>
                    <steps/>
                </step>
                <step start='1622275573699' status='passed' stop='1622275574463'>
                    <name>I click {"css":"[data-testid=\"influencer-name\"]"}</name>
                    <title>I click {"css":"[data-testid=\"influencer-name\"]"}</title>
                    <attachments/>
                    <steps/>
                </step>
                <step start='1622275574463' status='passed' stop='1622275574857'>
                    <name>I see element {"css":"[data-testid=\"live-status-box\"]"}</name>
                    <title>I see element {"css":"[data-testid=\"live-status-box\"]"}</title>
                    <attachments/>
                    <steps/>
                </step>
            </steps>
            <attachments/>
        </test-case>
        <test-case start='1622275574898' status='failed' stop='1622275584166'>
            <name>check get credits trigger a Sign up </name>
            <title>check get credits trigger a Sign up </title>
            <labels/>
            <parameters/>
            <steps>
                <step start='1622275574901' status='passed' stop='1622275576595'>
                    <name>I am on page "/en/search/Live"</name>
                    <title>I am on page "/en/search/Live"</title>
                    <attachments/>
                    <steps/>
                </step>
                <step start='1622275576596' status='passed' stop='1622275577006'>
                    <name>I click {"css":"[data-testid=\"influencer-name\"]"}</name>
                    <title>I click {"css":"[data-testid=\"influencer-name\"]"}</title>
                    <attachments/>
                    <steps/>
                </step>
                <step start='1622275577006' status='failed' stop='1622275584166'>
                    <name>I click "10"</name>
                    <title>I click "10"</title>
                    <attachments/>
                    <steps/>
                </step>
            </steps>
            <attachments/>
            <failure>
                <message>page.$$: Protocol error (Runtime.callFunctionOn): Session closed. Most likely the page has been closed.</message>
                <stack-trace>page.$$: Protocol error (Runtime.callFunctionOn): Session closed. Most likely the page has been closed.
                Error
                    at Object.captureStackTrace (/Users/tetianaafanasieva/Desktop/Oranum/node_modules/playwright/lib/utils/stackTrace.js:50:19)
                    at Connection.sendMessageToServer (/Users/tetianaafanasieva/Desktop/Oranum/node_modules/playwright/lib/client/connection.js:65:48)
                    at Proxy.&lt;anonymous> (/Users/tetianaafanasieva/Desktop/Oranum/node_modules/playwright/lib/client/channelOwner.js:64:61)
                    at /Users/tetianaafanasieva/Desktop/Oranum/node_modules/playwright/lib/client/frame.js:232:42
                    at Frame._wrapApiCall (/Users/tetianaafanasieva/Desktop/Oranum/node_modules/playwright/lib/client/channelOwner.js:77:34)
                    at Frame.$$ (/Users/tetianaafanasieva/Desktop/Oranum/node_modules/playwright/lib/client/frame.js:231:21)
                    at /Users/tetianaafanasieva/Desktop/Oranum/node_modules/playwright/lib/client/page.js:266:60
                    at Page._attributeToPage (/Users/tetianaafanasieva/Desktop/Oranum/node_modules/playwright/lib/client/page.js:238:20)
                    at Page.$$ (/Users/tetianaafanasieva/Desktop/Oranum/node_modules/playwright/lib/client/page.js:266:21)
                    at Playwright.findElements (/Users/tetianaafanasieva/Desktop/Oranum/node_modules/codeceptjs/lib/helper/Playwright.js:2253:18)
                    at Playwright.findClickable (/Users/tetianaafanasieva/Desktop/Oranum/node_modules/codeceptjs/lib/helper/Playwright.js:2306:28)
                    at Playwright.proceedClick (/Users/tetianaafanasieva/Desktop/Oranum/node_modules/codeceptjs/lib/helper/Playwright.js:2276:35)</stack-trace>
            </failure>
        </test-case>
        <test-case start='1622275584172' status='failed' stop='1622275584173'>
            <name>check add to favorite trigger a Sign up </name>
            <title>check add to favorite trigger a Sign up </title>
            <labels/>
            <parameters/>
            <steps>
                <step start='1622275584173' status='failed' stop='1622275584173'>
                    <name>I am on page "/en/search/Live"</name>
                    <title>I am on page "/en/search/Live"</title>
                    <attachments/>
                    <steps/>
                </step>
            </steps>
            <attachments/>
            <failure>
                <message>Cannot read property 'goto' of undefined</message>
                <stack-trace>TypeError: Cannot read property 'goto' of undefined
                    at Playwright.amOnPage (/Users/tetianaafanasieva/Desktop/Oranum/node_modules/codeceptjs/lib/helper/Playwright.js:701:21)
                    at Step.run (/Users/tetianaafanasieva/Desktop/Oranum/node_modules/codeceptjs/lib/step.js:66:47)
                    at /Users/tetianaafanasieva/Desktop/Oranum/node_modules/codeceptjs/lib/actor.js:117:23</stack-trace>
            </failure>
        </test-case>
        <test-case start='1622275584174' status='failed' stop='1622275584175'>
            <name>check quick buy trigger a Sign up </name>
            <title>check quick buy trigger a Sign up </title>
            <labels/>
            <parameters/>
            <steps>
                <step start='1622275584175' status='failed' stop='1622275584175'>
                    <name>I am on page "/en/search/Live"</name>
                    <title>I am on page "/en/search/Live"</title>
                    <attachments/>
                    <steps/>
                </step>
            </steps>
            <attachments/>
            <failure>
                <message>Cannot read property 'goto' of undefined</message>
                <stack-trace>TypeError: Cannot read property 'goto' of undefined
                    at Playwright.amOnPage (/Users/tetianaafanasieva/Desktop/Oranum/node_modules/codeceptjs/lib/helper/Playwright.js:701:21)
                    at Step.run (/Users/tetianaafanasieva/Desktop/Oranum/node_modules/codeceptjs/lib/step.js:66:47)
                    at /Users/tetianaafanasieva/Desktop/Oranum/node_modules/codeceptjs/lib/actor.js:117:23</stack-trace>
            </failure>
        </test-case>
    </test-cases>
</ns2:test-suite>