<?xml version='1.0'?>
<ns2:test-suite xmlns:ns2='urn:model.allure.qatools.yandex.ru' start='1622279527441' stop='1622279527466'>
    <name>Validate Livestream as unlogged user:</name>
    <title>Validate Livestream as unlogged user:</title>
    <test-cases>
        <test-case start='1622279527442' status='failed' stop='1622279527445'>
            <name>check profile is live </name>
            <title>check profile is live </title>
            <labels/>
            <parameters/>
            <steps>
                <step start='1622279527444' status='failed' stop='1622279527444'>
                    <name>I am on page "/"</name>
                    <title>I am on page "/"</title>
                    <attachments/>
                    <steps/>
                </step>
            </steps>
            <attachments/>
            <failure>
                <message>Cannot read property 'goto' of undefined</message>
                <stack-trace>TypeError: Cannot read property 'goto' of undefined
                    at Playwright.amOnPage (/Users/tetianaafanasieva/Desktop/Oranum/node_modules/codeceptjs/lib/helper/Playwright.js:701:21)
                    at Step.run (/Users/tetianaafanasieva/Desktop/Oranum/node_modules/codeceptjs/lib/step.js:66:47)
                    at /Users/tetianaafanasieva/Desktop/Oranum/node_modules/codeceptjs/lib/actor.js:117:23</stack-trace>
            </failure>
        </test-case>
        <test-case start='1622279527451' status='failed' stop='1622279527454'>
            <name>check get credits trigger a Sign up </name>
            <title>check get credits trigger a Sign up </title>
            <labels/>
            <parameters/>
            <steps>
                <step start='1622279527452' status='failed' stop='1622279527452'>
                    <name>I am on page "/en/search/Live"</name>
                    <title>I am on page "/en/search/Live"</title>
                    <attachments/>
                    <steps/>
                </step>
            </steps>
            <attachments/>
            <failure>
                <message>Cannot read property 'goto' of undefined</message>
                <stack-trace>TypeError: Cannot read property 'goto' of undefined
                    at Playwright.amOnPage (/Users/tetianaafanasieva/Desktop/Oranum/node_modules/codeceptjs/lib/helper/Playwright.js:701:21)
                    at Step.run (/Users/tetianaafanasieva/Desktop/Oranum/node_modules/codeceptjs/lib/step.js:66:47)
                    at /Users/tetianaafanasieva/Desktop/Oranum/node_modules/codeceptjs/lib/actor.js:117:23</stack-trace>
            </failure>
        </test-case>
        <test-case start='1622279527458' status='failed' stop='1622279527459'>
            <name>check add to favorite trigger a Sign up </name>
            <title>check add to favorite trigger a Sign up </title>
            <labels/>
            <parameters/>
            <steps>
                <step start='1622279527459' status='failed' stop='1622279527459'>
                    <name>I am on page "/en/search/Live"</name>
                    <title>I am on page "/en/search/Live"</title>
                    <attachments/>
                    <steps/>
                </step>
            </steps>
            <attachments/>
            <failure>
                <message>Cannot read property 'goto' of undefined</message>
                <stack-trace>TypeError: Cannot read property 'goto' of undefined
                    at Playwright.amOnPage (/Users/tetianaafanasieva/Desktop/Oranum/node_modules/codeceptjs/lib/helper/Playwright.js:701:21)
                    at Step.run (/Users/tetianaafanasieva/Desktop/Oranum/node_modules/codeceptjs/lib/step.js:66:47)
                    at /Users/tetianaafanasieva/Desktop/Oranum/node_modules/codeceptjs/lib/actor.js:117:23</stack-trace>
            </failure>
        </test-case>
        <test-case start='1622279527462' status='failed' stop='1622279527464'>
            <name>check quick buy trigger a Sign up </name>
            <title>check quick buy trigger a Sign up </title>
            <labels/>
            <parameters/>
            <steps>
                <step start='1622279527463' status='failed' stop='1622279527464'>
                    <name>I am on page "/en/search/Live"</name>
                    <title>I am on page "/en/search/Live"</title>
                    <attachments/>
                    <steps/>
                </step>
            </steps>
            <attachments/>
            <failure>
                <message>Cannot read property 'goto' of undefined</message>
                <stack-trace>TypeError: Cannot read property 'goto' of undefined
                    at Playwright.amOnPage (/Users/tetianaafanasieva/Desktop/Oranum/node_modules/codeceptjs/lib/helper/Playwright.js:701:21)
                    at Step.run (/Users/tetianaafanasieva/Desktop/Oranum/node_modules/codeceptjs/lib/step.js:66:47)
                    at /Users/tetianaafanasieva/Desktop/Oranum/node_modules/codeceptjs/lib/actor.js:117:23</stack-trace>
            </failure>
        </test-case>
    </test-cases>
</ns2:test-suite>